<?xml version="1.0" encoding="UTF-8"?>
<testsuite name="ua.stqa.pft.addressbook.tests.GroupModificationTests" tests="1" skipped="0" failures="0" errors="0" timestamp="2017-05-19T13:06:49" hostname="amalinkovskiypc" time="8.201">
  <properties/>
  <testcase name="testGroupModification" classname="ua.stqa.pft.addressbook.tests.GroupModificationTests" time="8.201"/>
  <system-out><![CDATA[]]></system-out>
  <system-err><![CDATA[]]></system-err>
</testsuite>
