<?xml version="1.0" encoding="UTF-8"?>
<testsuite name="ua.stqa.pft.addressbook.tests.UserModificationTests" tests="1" skipped="0" failures="0" errors="0" timestamp="2017-05-19T13:04:23" hostname="amalinkovskiypc" time="6.673">
  <properties/>
  <testcase name="testUserModification" classname="ua.stqa.pft.addressbook.tests.UserModificationTests" time="6.673"/>
  <system-out><![CDATA[]]></system-out>
  <system-err><![CDATA[]]></system-err>
</testsuite>
