<?xml version="1.0" encoding="UTF-8"?>
<testsuite name="ua.stqa.pft.addressbook.tests.GroupDeletionTests" tests="1" skipped="0" failures="0" errors="0" timestamp="2017-05-19T13:06:57" hostname="amalinkovskiypc" time="3.627">
  <properties/>
  <testcase name="testGroupDeletion" classname="ua.stqa.pft.addressbook.tests.GroupDeletionTests" time="3.627"/>
  <system-out><![CDATA[]]></system-out>
  <system-err><![CDATA[]]></system-err>
</testsuite>
