<?xml version="1.0" encoding="UTF-8"?>
<testsuite name="ua.stqa.pft.addressbook.tests.UserPhoneTests" tests="1" skipped="0" failures="0" errors="0" timestamp="2017-06-09T11:59:33" hostname="amalinkovskiypc" time="2.811">
  <properties/>
  <testcase name="testUserPhones" classname="ua.stqa.pft.addressbook.tests.UserPhoneTests" time="2.811"/>
  <system-out><![CDATA[]]></system-out>
  <system-err><![CDATA[]]></system-err>
</testsuite>
