<?xml version="1.0" encoding="UTF-8"?>
<testsuite name="ua.stqa.pft.addressbook.tests.UserDeletionTests" tests="1" skipped="0" failures="0" errors="0" timestamp="2017-05-19T13:04:17" hostname="amalinkovskiypc" time="4.144">
  <properties/>
  <testcase name="testUserDeletion" classname="ua.stqa.pft.addressbook.tests.UserDeletionTests" time="4.144"/>
  <system-out><![CDATA[]]></system-out>
  <system-err><![CDATA[]]></system-err>
</testsuite>
