<?xml version="1.0" encoding="UTF-8"?>
<testsuite name="ua.stqa.pft.addressbook.tests.UserModificationTests" tests="1" skipped="0" failures="0" errors="0" timestamp="2017-06-09T11:59:27" hostname="amalinkovskiypc" time="5.232">
  <properties/>
  <testcase name="testUserModification" classname="ua.stqa.pft.addressbook.tests.UserModificationTests" time="5.232"/>
  <system-out><![CDATA[Hibernate: select userdata0_.id as id1_1_, userdata0_.address as address2_1_, userdata0_.company as company3_1_, userdata0_.email as email4_1_, userdata0_.email2 as email5_1_, userdata0_.email3 as email6_1_, userdata0_.fax as fax7_1_, userdata0_.firstname as firstnam8_1_, userdata0_.home as home9_1_, userdata0_.lastname as lastnam10_1_, userdata0_.middlename as middlen11_1_, userdata0_.mobile as mobile12_1_, userdata0_.nickname as nicknam13_1_, userdata0_.photo as photo14_1_, userdata0_.title as title15_1_, userdata0_.work as work16_1_ from addressbook userdata0_ where deprecated='0000-00-00'
Hibernate: select groups0_.id as id1_0_0_, groups0_.group_id as group_id2_0_0_, groupdata1_.group_id as group_id1_2_1_, groupdata1_.group_footer as group_fo2_2_1_, groupdata1_.group_header as group_he3_2_1_, groupdata1_.group_name as group_na4_2_1_ from address_in_groups groups0_ inner join group_list groupdata1_ on groups0_.group_id=groupdata1_.group_id where groups0_.id=?
Hibernate: select groups0_.id as id1_0_0_, groups0_.group_id as group_id2_0_0_, groupdata1_.group_id as group_id1_2_1_, groupdata1_.group_footer as group_fo2_2_1_, groupdata1_.group_header as group_he3_2_1_, groupdata1_.group_name as group_na4_2_1_ from address_in_groups groups0_ inner join group_list groupdata1_ on groups0_.group_id=groupdata1_.group_id where groups0_.id=?
Hibernate: select groups0_.id as id1_0_0_, groups0_.group_id as group_id2_0_0_, groupdata1_.group_id as group_id1_2_1_, groupdata1_.group_footer as group_fo2_2_1_, groupdata1_.group_header as group_he3_2_1_, groupdata1_.group_name as group_na4_2_1_ from address_in_groups groups0_ inner join group_list groupdata1_ on groups0_.group_id=groupdata1_.group_id where groups0_.id=?
Hibernate: select groups0_.id as id1_0_0_, groups0_.group_id as group_id2_0_0_, groupdata1_.group_id as group_id1_2_1_, groupdata1_.group_footer as group_fo2_2_1_, groupdata1_.group_header as group_he3_2_1_, groupdata1_.group_name as group_na4_2_1_ from address_in_groups groups0_ inner join group_list groupdata1_ on groups0_.group_id=groupdata1_.group_id where groups0_.id=?
Hibernate: select groups0_.id as id1_0_0_, groups0_.group_id as group_id2_0_0_, groupdata1_.group_id as group_id1_2_1_, groupdata1_.group_footer as group_fo2_2_1_, groupdata1_.group_header as group_he3_2_1_, groupdata1_.group_name as group_na4_2_1_ from address_in_groups groups0_ inner join group_list groupdata1_ on groups0_.group_id=groupdata1_.group_id where groups0_.id=?
Hibernate: select userdata0_.id as id1_1_, userdata0_.address as address2_1_, userdata0_.company as company3_1_, userdata0_.email as email4_1_, userdata0_.email2 as email5_1_, userdata0_.email3 as email6_1_, userdata0_.fax as fax7_1_, userdata0_.firstname as firstnam8_1_, userdata0_.home as home9_1_, userdata0_.lastname as lastnam10_1_, userdata0_.middlename as middlen11_1_, userdata0_.mobile as mobile12_1_, userdata0_.nickname as nicknam13_1_, userdata0_.photo as photo14_1_, userdata0_.title as title15_1_, userdata0_.work as work16_1_ from addressbook userdata0_ where deprecated='0000-00-00'
Hibernate: select groups0_.id as id1_0_0_, groups0_.group_id as group_id2_0_0_, groupdata1_.group_id as group_id1_2_1_, groupdata1_.group_footer as group_fo2_2_1_, groupdata1_.group_header as group_he3_2_1_, groupdata1_.group_name as group_na4_2_1_ from address_in_groups groups0_ inner join group_list groupdata1_ on groups0_.group_id=groupdata1_.group_id where groups0_.id=?
Hibernate: select groups0_.id as id1_0_0_, groups0_.group_id as group_id2_0_0_, groupdata1_.group_id as group_id1_2_1_, groupdata1_.group_footer as group_fo2_2_1_, groupdata1_.group_header as group_he3_2_1_, groupdata1_.group_name as group_na4_2_1_ from address_in_groups groups0_ inner join group_list groupdata1_ on groups0_.group_id=groupdata1_.group_id where groups0_.id=?
Hibernate: select groups0_.id as id1_0_0_, groups0_.group_id as group_id2_0_0_, groupdata1_.group_id as group_id1_2_1_, groupdata1_.group_footer as group_fo2_2_1_, groupdata1_.group_header as group_he3_2_1_, groupdata1_.group_name as group_na4_2_1_ from address_in_groups groups0_ inner join group_list groupdata1_ on groups0_.group_id=groupdata1_.group_id where groups0_.id=?
Hibernate: select groups0_.id as id1_0_0_, groups0_.group_id as group_id2_0_0_, groupdata1_.group_id as group_id1_2_1_, groupdata1_.group_footer as group_fo2_2_1_, groupdata1_.group_header as group_he3_2_1_, groupdata1_.group_name as group_na4_2_1_ from address_in_groups groups0_ inner join group_list groupdata1_ on groups0_.group_id=groupdata1_.group_id where groups0_.id=?
Hibernate: select groups0_.id as id1_0_0_, groups0_.group_id as group_id2_0_0_, groupdata1_.group_id as group_id1_2_1_, groupdata1_.group_footer as group_fo2_2_1_, groupdata1_.group_header as group_he3_2_1_, groupdata1_.group_name as group_na4_2_1_ from address_in_groups groups0_ inner join group_list groupdata1_ on groups0_.group_id=groupdata1_.group_id where groups0_.id=?
]]></system-out>
  <system-err><![CDATA[]]></system-err>
</testsuite>
